# JRE version: Java(TM) SE Runtime Environment (8.0_202-b08) (build 1.8.0_202-b08)
# Java VM: Java HotSpot(TM) 64-Bit Server VM (25.202-b08 mixed mode windows-amd64 compressed oops)
Heap:
 PSYoungGen      total 1213440K, used 273810K [0x000000076ab00000, 0x00000007bf080000, 0x00000007c0000000)
  eden space 1042432K, 21% used [0x000000076ab00000,0x0000000778a08908,0x00000007aa500000)
  from space 171008K, 26% used [0x00000007aa500000,0x00000007ad15bfe8,0x00000007b4c00000)
  to   space 158720K, 0% used [0x00000007b5580000,0x00000007b5580000,0x00000007bf080000)
 ParOldGen       total 509952K, used 274389K [0x00000006c0000000, 0x00000006df200000, 0x000000076ab00000)
  object space 509952K, 53% used [0x00000006c0000000,0x00000006d0bf5480,0x00000006df200000)
 Metaspace       used 129889K, capacity 145870K, committed 156544K, reserved 1183744K
  class space    used 17934K, capacity 19223K, committed 21376K, reserved 1048576K
GC Heap History (10 events):
Event: 5879.533 GC heap before
{Heap before GC invocations=69 (full 8):
 PSYoungGen      total 1063936K, used 888576K [0x000000076ab00000, 0x00000007b8180000, 0x00000007c0000000)
  eden space 885248K, 100% used [0x000000076ab00000,0x00000007a0b80000,0x00000007a0b80000)
  from space 178688K, 1% used [0x00000007ad300000,0x00000007ad640060,0x00000007b8180000)
  to   space 191488K, 0% used [0x00000007a0b80000,0x00000007a0b80000,0x00000007ac680000)
 ParOldGen       total 509952K, used 268308K [0x00000006c0000000, 0x00000006df200000, 0x000000076ab00000)
  object space 509952K, 52% used [0x00000006c0000000,0x00000006d0605318,0x00000006df200000)
 Metaspace       used 129732K, capacity 145722K, committed 156544K, reserved 1183744K
  class space    used 17930K, capacity 19216K, committed 21376K, reserved 1048576K
Event: 5879.540 GC heap after
Heap after GC invocations=69 (full 8):
 PSYoungGen      total 1076736K, used 22623K [0x000000076ab00000, 0x00000007bf280000, 0x00000007c0000000)
  eden space 885248K, 0% used [0x000000076ab00000,0x000000076ab00000,0x00000007a0b80000)
  from space 191488K, 11% used [0x00000007a0b80000,0x00000007a2197f00,0x00000007ac680000)
  to   space 185856K, 0% used [0x00000007b3d00000,0x00000007b3d00000,0x00000007bf280000)
 ParOldGen       total 509952K, used 269372K [0x00000006c0000000, 0x00000006df200000, 0x000000076ab00000)
  object space 509952K, 52% used [0x00000006c0000000,0x00000006d070f338,0x00000006df200000)
 Metaspace       used 129732K, capacity 145722K, committed 156544K, reserved 1183744K
  class space    used 17930K, capacity 19216K, committed 21376K, reserved 1048576K
}
Event: 5880.178 GC heap before
{Heap before GC invocations=70 (full 8):
 PSYoungGen      total 1076736K, used 907871K [0x000000076ab00000, 0x00000007bf280000, 0x00000007c0000000)
  eden space 885248K, 100% used [0x000000076ab00000,0x00000007a0b80000,0x00000007a0b80000)
  from space 191488K, 11% used [0x00000007a0b80000,0x00000007a2197f00,0x00000007ac680000)
  to   space 185856K, 0% used [0x00000007b3d00000,0x00000007b3d00000,0x00000007bf280000)
 ParOldGen       total 509952K, used 269372K [0x00000006c0000000, 0x00000006df200000, 0x000000076ab00000)
  object space 509952K, 52% used [0x00000006c0000000,0x00000006d070f338,0x00000006df200000)
 Metaspace       used 129740K, capacity 145722K, committed 156544K, reserved 1183744K
  class space    used 17930K, capacity 19216K, committed 21376K, reserved 1048576K
Event: 5880.187 GC heap after
Heap after GC invocations=70 (full 8):
 PSYoungGen      total 1171456K, used 20923K [0x000000076ab00000, 0x00000007bdf80000, 0x00000007c0000000)
  eden space 1005056K, 0% used [0x000000076ab00000,0x000000076ab00000,0x00000007a8080000)
  from space 166400K, 12% used [0x00000007b3d00000,0x00000007b516efd0,0x00000007bdf80000)
  to   space 179712K, 0% used [0x00000007a8080000,0x00000007a8080000,0x00000007b3000000)
 ParOldGen       total 509952K, used 269564K [0x00000006c0000000, 0x00000006df200000, 0x000000076ab00000)
  object space 509952K, 52% used [0x00000006c0000000,0x00000006d073f338,0x00000006df200000)
 Metaspace       used 129740K, capacity 145722K, committed 156544K, reserved 1183744K
  class space    used 17930K, capacity 19216K, committed 21376K, reserved 1048576K
}
Event: 5883.225 GC heap before
{Heap before GC invocations=71 (full 8):
 PSYoungGen      total 1171456K, used 1025979K [0x000000076ab00000, 0x00000007bdf80000, 0x00000007c0000000)
  eden space 1005056K, 100% used [0x000000076ab00000,0x00000007a8080000,0x00000007a8080000)
  from space 166400K, 12% used [0x00000007b3d00000,0x00000007b516efd0,0x00000007bdf80000)
  to   space 179712K, 0% used [0x00000007a8080000,0x00000007a8080000,0x00000007b3000000)
 ParOldGen       total 509952K, used 269564K [0x00000006c0000000, 0x00000006df200000, 0x000000076ab00000)
  object space 509952K, 52% used [0x00000006c0000000,0x00000006d073f338,0x00000006df200000)
 Metaspace       used 129801K, capacity 145802K, committed 156544K, reserved 1183744K
  class space    used 17934K, capacity 19223K, committed 21376K, reserved 1048576K
Event: 5883.234 GC heap after
Heap after GC invocations=71 (full 8):
 PSYoungGen      total 1184768K, used 6741K [0x000000076ab00000, 0x00000007c0000000, 0x00000007c0000000)
  eden space 1005056K, 0% used [0x000000076ab00000,0x000000076ab00000,0x00000007a8080000)
  from space 179712K, 3% used [0x00000007a8080000,0x00000007a87154c0,0x00000007b3000000)
  to   space 175616K, 0% used [0x00000007b5480000,0x00000007b5480000,0x00000007c0000000)
 ParOldGen       total 509952K, used 270156K [0x00000006c0000000, 0x00000006df200000, 0x000000076ab00000)
  object space 509952K, 52% used [0x00000006c0000000,0x00000006d07d3338,0x00000006df200000)
 Metaspace       used 129801K, capacity 145802K, committed 156544K, reserved 1183744K
  class space    used 17934K, capacity 19223K, committed 21376K, reserved 1048576K
}
Event: 5883.677 GC heap before
{Heap before GC invocations=72 (full 8):
 PSYoungGen      total 1184768K, used 1011797K [0x000000076ab00000, 0x00000007c0000000, 0x00000007c0000000)
  eden space 1005056K, 100% used [0x000000076ab00000,0x00000007a8080000,0x00000007a8080000)
  from space 179712K, 3% used [0x00000007a8080000,0x00000007a87154c0,0x00000007b3000000)
  to   space 175616K, 0% used [0x00000007b5480000,0x00000007b5480000,0x00000007c0000000)
 ParOldGen       total 509952K, used 270156K [0x00000006c0000000, 0x00000006df200000, 0x000000076ab00000)
  object space 509952K, 52% used [0x00000006c0000000,0x00000006d07d3338,0x00000006df200000)
 Metaspace       used 129802K, capacity 145802K, committed 156544K, reserved 1183744K
  class space    used 17934K, capacity 19223K, committed 21376K, reserved 1048576K
Event: 5883.683 GC heap after
Heap after GC invocations=72 (full 8):
 PSYoungGen      total 1204736K, used 6368K [0x000000076ab00000, 0x00000007bf300000, 0x00000007c0000000)
  eden space 1042432K, 0% used [0x000000076ab00000,0x000000076ab00000,0x00000007aa500000)
  from space 162304K, 3% used [0x00000007b5480000,0x00000007b5ab80a0,0x00000007bf300000)
  to   space 171008K, 0% used [0x00000007aa500000,0x00000007aa500000,0x00000007b4c00000)
 ParOldGen       total 509952K, used 273292K [0x00000006c0000000, 0x00000006df200000, 0x000000076ab00000)
  object space 509952K, 53% used [0x00000006c0000000,0x00000006d0ae3148,0x00000006df200000)
 Metaspace       used 129802K, capacity 145802K, committed 156544K, reserved 1183744K
  class space    used 17934K, capacity 19223K, committed 21376K, reserved 1048576K
}
Event: 5884.516 GC heap before
{Heap before GC invocations=73 (full 8):
 PSYoungGen      total 1204736K, used 1048800K [0x000000076ab00000, 0x00000007bf300000, 0x00000007c0000000)
  eden space 1042432K, 100% used [0x000000076ab00000,0x00000007aa500000,0x00000007aa500000)
  from space 162304K, 3% used [0x00000007b5480000,0x00000007b5ab80a0,0x00000007bf300000)
  to   space 171008K, 0% used [0x00000007aa500000,0x00000007aa500000,0x00000007b4c00000)
 ParOldGen       total 509952K, used 273325K [0x00000006c0000000, 0x00000006df200000, 0x000000076ab00000)
  object space 509952K, 53% used [0x00000006c0000000,0x00000006d0aeb470,0x00000006df200000)
 Metaspace       used 129802K, capacity 145802K, committed 156544K, reserved 1183744K
  class space    used 17934K, capacity 19223K, committed 21376K, reserved 1048576K
Event: 5884.526 GC heap after
Heap after GC invocations=73 (full 8):
 PSYoungGen      total 1213440K, used 45423K [0x000000076ab00000, 0x00000007bf080000, 0x00000007c0000000)
  eden space 1042432K, 0% used [0x000000076ab00000,0x000000076ab00000,0x00000007aa500000)
  from space 171008K, 26% used [0x00000007aa500000,0x00000007ad15bfe8,0x00000007b4c00000)
  to   space 158720K, 0% used [0x00000007b5580000,0x00000007b5580000,0x00000007bf080000)
 ParOldGen       total 509952K, used 274389K [0x00000006c0000000, 0x00000006df200000, 0x000000076ab00000)
  object space 509952K, 53% used [0x00000006c0000000,0x00000006d0bf5480,0x00000006df200000)
 Metaspace       used 129802K, capacity 145802K, committed 156544K, reserved 1183744K
  class space    used 17934K, capacity 19223K, committed 21376K, reserved 1048576K
}

