# JRE version: Java(TM) SE Runtime Environment (8.0_202-b08) (build 1.8.0_202-b08)
# Java VM: Java HotSpot(TM) 64-Bit Server VM (25.202-b08 mixed mode windows-amd64 compressed oops)
Heap:
 PSYoungGen      total 1247232K, used 847422K [0x000000076ab00000, 0x00000007bf400000, 0x00000007c0000000)
  eden space 1230848K, 67% used [0x000000076ab00000,0x000000079d6cf5c8,0x00000007b5d00000)
  from space 16384K, 98% used [0x00000007b5d00000,0x00000007b6cc05e0,0x00000007b6d00000)
  to   space 77312K, 0% used [0x00000007ba880000,0x00000007ba880000,0x00000007bf400000)
 ParOldGen       total 551424K, used 225627K [0x00000006c0000000, 0x00000006e1a80000, 0x000000076ab00000)
  object space 551424K, 40% used [0x00000006c0000000,0x00000006cdc56c30,0x00000006e1a80000)
 Metaspace       used 124042K, capacity 141830K, committed 144640K, reserved 1173504K
  class space    used 17765K, capacity 19329K, committed 19968K, reserved 1048576K
GC Heap History (10 events):
Event: 46.644 GC heap before
{Heap before GC invocations=38 (full 5):
 PSYoungGen      total 1155072K, used 1099104K [0x000000076ab00000, 0x00000007b6580000, 0x00000007c0000000)
  eden space 1097216K, 100% used [0x000000076ab00000,0x00000007ada80000,0x00000007ada80000)
  from space 57856K, 3% used [0x00000007b2d00000,0x00000007b2ed8010,0x00000007b6580000)
  to   space 71168K, 0% used [0x00000007ada80000,0x00000007ada80000,0x00000007b2000000)
 ParOldGen       total 551424K, used 221701K [0x00000006c0000000, 0x00000006e1a80000, 0x000000076ab00000)
  object space 551424K, 40% used [0x00000006c0000000,0x00000006cd8817f0,0x00000006e1a80000)
 Metaspace       used 121521K, capacity 138294K, committed 142976K, reserved 1173504K
  class space    used 17431K, capacity 18893K, committed 19840K, reserved 1048576K
Event: 46.656 GC heap after
Heap after GC invocations=38 (full 5):
 PSYoungGen      total 1168384K, used 10068K [0x000000076ab00000, 0x00000007bd100000, 0x00000007c0000000)
  eden space 1097216K, 0% used [0x000000076ab00000,0x000000076ab00000,0x00000007ada80000)
  from space 71168K, 14% used [0x00000007ada80000,0x00000007ae455138,0x00000007b2000000)
  to   space 67584K, 0% used [0x00000007b8f00000,0x00000007b8f00000,0x00000007bd100000)
 ParOldGen       total 551424K, used 221997K [0x00000006c0000000, 0x00000006e1a80000, 0x000000076ab00000)
  object space 551424K, 40% used [0x00000006c0000000,0x00000006cd8cb7f0,0x00000006e1a80000)
 Metaspace       used 121521K, capacity 138294K, committed 142976K, reserved 1173504K
  class space    used 17431K, capacity 18893K, committed 19840K, reserved 1048576K
}
Event: 47.265 GC heap before
{Heap before GC invocations=39 (full 5):
 PSYoungGen      total 1168384K, used 1107284K [0x000000076ab00000, 0x00000007bd100000, 0x00000007c0000000)
  eden space 1097216K, 100% used [0x000000076ab00000,0x00000007ada80000,0x00000007ada80000)
  from space 71168K, 14% used [0x00000007ada80000,0x00000007ae455138,0x00000007b2000000)
  to   space 67584K, 0% used [0x00000007b8f00000,0x00000007b8f00000,0x00000007bd100000)
 ParOldGen       total 551424K, used 222044K [0x00000006c0000000, 0x00000006e1a80000, 0x000000076ab00000)
  object space 551424K, 40% used [0x00000006c0000000,0x00000006cd8d7290,0x00000006e1a80000)
 Metaspace       used 121533K, capacity 138294K, committed 142976K, reserved 1173504K
  class space    used 17431K, capacity 18893K, committed 19840K, reserved 1048576K
Event: 47.281 GC heap after
Heap after GC invocations=39 (full 5):
 PSYoungGen      total 1274368K, used 51451K [0x000000076ab00000, 0x00000007bef80000, 0x00000007c0000000)
  eden space 1206784K, 0% used [0x000000076ab00000,0x000000076ab00000,0x00000007b4580000)
  from space 67584K, 76% used [0x00000007b8f00000,0x00000007bc13ecd8,0x00000007bd100000)
  to   space 75264K, 0% used [0x00000007b4580000,0x00000007b4580000,0x00000007b8f00000)
 ParOldGen       total 551424K, used 222052K [0x00000006c0000000, 0x00000006e1a80000, 0x000000076ab00000)
  object space 551424K, 40% used [0x00000006c0000000,0x00000006cd8d9290,0x00000006e1a80000)
 Metaspace       used 121533K, capacity 138294K, committed 142976K, reserved 1173504K
  class space    used 17431K, capacity 18893K, committed 19840K, reserved 1048576K
}
Event: 48.252 GC heap before
{Heap before GC invocations=40 (full 5):
 PSYoungGen      total 1274368K, used 1258235K [0x000000076ab00000, 0x00000007bef80000, 0x00000007c0000000)
  eden space 1206784K, 100% used [0x000000076ab00000,0x00000007b4580000,0x00000007b4580000)
  from space 67584K, 76% used [0x00000007b8f00000,0x00000007bc13ecd8,0x00000007bd100000)
  to   space 75264K, 0% used [0x00000007b4580000,0x00000007b4580000,0x00000007b8f00000)
 ParOldGen       total 551424K, used 222054K [0x00000006c0000000, 0x00000006e1a80000, 0x000000076ab00000)
  object space 551424K, 40% used [0x00000006c0000000,0x00000006cd8d98e0,0x00000006e1a80000)
 Metaspace       used 121537K, capacity 138294K, committed 142976K, reserved 1173504K
  class space    used 17431K, capacity 18893K, committed 19840K, reserved 1048576K
Event: 48.270 GC heap after
Heap after GC invocations=40 (full 5):
 PSYoungGen      total 1282048K, used 62321K [0x000000076ab00000, 0x00000007c0000000, 0x00000007c0000000)
  eden space 1206784K, 0% used [0x000000076ab00000,0x000000076ab00000,0x00000007b4580000)
  from space 75264K, 82% used [0x00000007b4580000,0x00000007b825c610,0x00000007b8f00000)
  to   space 84992K, 0% used [0x00000007bad00000,0x00000007bad00000,0x00000007c0000000)
 ParOldGen       total 551424K, used 225571K [0x00000006c0000000, 0x00000006e1a80000, 0x000000076ab00000)
  object space 551424K, 40% used [0x00000006c0000000,0x00000006cdc48c30,0x00000006e1a80000)
 Metaspace       used 121537K, capacity 138294K, committed 142976K, reserved 1173504K
  class space    used 17431K, capacity 18893K, committed 19840K, reserved 1048576K
}
Event: 51.612 GC heap before
{Heap before GC invocations=41 (full 5):
 PSYoungGen      total 1282048K, used 1269105K [0x000000076ab00000, 0x00000007c0000000, 0x00000007c0000000)
  eden space 1206784K, 100% used [0x000000076ab00000,0x00000007b4580000,0x00000007b4580000)
  from space 75264K, 82% used [0x00000007b4580000,0x00000007b825c610,0x00000007b8f00000)
  to   space 84992K, 0% used [0x00000007bad00000,0x00000007bad00000,0x00000007c0000000)
 ParOldGen       total 551424K, used 225571K [0x00000006c0000000, 0x00000006e1a80000, 0x000000076ab00000)
  object space 551424K, 40% used [0x00000006c0000000,0x00000006cdc48c30,0x00000006e1a80000)
 Metaspace       used 122150K, capacity 139166K, committed 143488K, reserved 1173504K
  class space    used 17497K, capacity 18974K, committed 19840K, reserved 1048576K
Event: 51.618 GC heap after
Heap after GC invocations=41 (full 5):
 PSYoungGen      total 1315840K, used 7839K [0x000000076ab00000, 0x00000007c0000000, 0x00000007c0000000)
  eden space 1230848K, 0% used [0x000000076ab00000,0x000000076ab00000,0x00000007b5d00000)
  from space 84992K, 9% used [0x00000007bad00000,0x00000007bb4a7e18,0x00000007c0000000)
  to   space 81920K, 0% used [0x00000007b5d00000,0x00000007b5d00000,0x00000007bad00000)
 ParOldGen       total 551424K, used 225627K [0x00000006c0000000, 0x00000006e1a80000, 0x000000076ab00000)
  object space 551424K, 40% used [0x00000006c0000000,0x00000006cdc56c30,0x00000006e1a80000)
 Metaspace       used 122150K, capacity 139166K, committed 143488K, reserved 1173504K
  class space    used 17497K, capacity 18974K, committed 19840K, reserved 1048576K
}
Event: 52.523 GC heap before
{Heap before GC invocations=42 (full 5):
 PSYoungGen      total 1315840K, used 1238687K [0x000000076ab00000, 0x00000007c0000000, 0x00000007c0000000)
  eden space 1230848K, 100% used [0x000000076ab00000,0x00000007b5d00000,0x00000007b5d00000)
  from space 84992K, 9% used [0x00000007bad00000,0x00000007bb4a7e18,0x00000007c0000000)
  to   space 81920K, 0% used [0x00000007b5d00000,0x00000007b5d00000,0x00000007bad00000)
 ParOldGen       total 551424K, used 225627K [0x00000006c0000000, 0x00000006e1a80000, 0x000000076ab00000)
  object space 551424K, 40% used [0x00000006c0000000,0x00000006cdc56c30,0x00000006e1a80000)
 Metaspace       used 122151K, capacity 139166K, committed 143488K, reserved 1173504K
  class space    used 17497K, capacity 18974K, committed 19840K, reserved 1048576K
Event: 52.530 GC heap after
Heap after GC invocations=42 (full 5):
 PSYoungGen      total 1247232K, used 16129K [0x000000076ab00000, 0x00000007bf400000, 0x00000007c0000000)
  eden space 1230848K, 0% used [0x000000076ab00000,0x000000076ab00000,0x00000007b5d00000)
  from space 16384K, 98% used [0x00000007b5d00000,0x00000007b6cc05e0,0x00000007b6d00000)
  to   space 77312K, 0% used [0x00000007ba880000,0x00000007ba880000,0x00000007bf400000)
 ParOldGen       total 551424K, used 225627K [0x00000006c0000000, 0x00000006e1a80000, 0x000000076ab00000)
  object space 551424K, 40% used [0x00000006c0000000,0x00000006cdc56c30,0x00000006e1a80000)
 Metaspace       used 122151K, capacity 139166K, committed 143488K, reserved 1173504K
  class space    used 17497K, capacity 18974K, committed 19840K, reserved 1048576K
}

